{
  "0 debug pnpm:scope": {
    "selected": 1,
    "workspacePrefix": "/Users/yangshuan/Desktop/vue3Principle"
  },
  "1 error pnpm": {
    "errno": 1,
    "code": "ELIFECYCLE",
    "pkgid": "vue3principle@1.0.0",
    "stage": "dev",
    "script": "node scripts/dev.js runtime-core -f global ",
    "pkgname": "vue3principle",
    "err": {
      "name": "pnpm",
      "message": "vue3principle@1.0.0 dev: `node scripts/dev.js runtime-core -f global `\nExit status 1",
      "code": "ELIFECYCLE",
      "stack": "pnpm: vue3principle@1.0.0 dev: `node scripts/dev.js runtime-core -f global `\nExit status 1\n    at EventEmitter.<anonymous> (/usr/local/lib/node_modules/pnpm/dist/pnpm.cjs:106893:20)\n    at EventEmitter.emit (node:events:327:20)\n    at ChildProcess.<anonymous> (/usr/local/lib/node_modules/pnpm/dist/pnpm.cjs:93462:18)\n    at ChildProcess.emit (node:events:327:20)\n    at maybeClose (node:internal/child_process:1048:16)\n    at Process.ChildProcess._handle.onexit (node:internal/child_process:288:5)"
    }
  }
}